<?xml version="1.0" encoding="UTF-8"?>
<!-- Generated by org.testng.reporters.JUnitXMLReporter -->
<testsuite ignored="1" hostname="DESKTOP-C5EIA9U" failures="1" tests="6" name="Test" time="0.203" errors="0" timestamp="2024-08-12T15:41:44 IST">
  <testcase classname="amazon.addtocart.CarLoan" name="Toyoto" time="0.019"/>
  <testcase classname="amazon.addtocart.CarLoan" name="lamborgeni" time="0.005"/>
  <testcase classname="amazon.addtocart.gift" name="demo" time="0.004"/>
  <testcase classname="amazon.addtocart.HomeLoan" name="Ghar" time="0.003"/>
  <testcase classname="amazon.addtocart.Para" name="Third" time="0.003"/>
  <testcase classname="amazon.addtocart.Para" name="second" time="0.0">
    <failure type="org.testng.TestNGException" message="
Cannot inject @Test annotated Method [second] with [class java.lang.String].
For more information on native dependency injection please refer to https://testng.org/#_dependency_injection">
      <![CDATA[org.testng.TestNGException: 
Cannot inject @Test annotated Method [second] with [class java.lang.String].
For more information on native dependency injection please refer to https://testng.org/#_dependency_injection
at java.base/java.util.ArrayList.forEach(ArrayList.java:1596)
at java.base/java.util.concurrent.FutureTask.run(FutureTask.java:317)
at java.base/java.util.concurrent.ThreadPoolExecutor.runWorker(ThreadPoolExecutor.java:1144)
at java.base/java.util.concurrent.ThreadPoolExecutor$Worker.run(ThreadPoolExecutor.java:642)
at java.base/java.lang.Thread.run(Thread.java:1583)
... Removed 16 stack frames]]>
    </failure>
  </testcase> <!-- second -->
  <testcase classname="amazon.addtocart.CarLoan" name="Maruti" time="0.0">
    <ignored/>
  </testcase> <!-- Maruti -->
</testsuite> <!-- Test -->
