<?xml version="1.0" encoding="UTF-8"?>
<testng-results ignored="0" total="1" passed="1" failed="0" skipped="0">
  <reporter-output>
  </reporter-output>
  <suite started-at="2024-08-12T16:51:18 IST" name="Default suite" finished-at="2024-08-12T16:51:18 IST" duration-ms="94">
    <groups>
    </groups>
    <test started-at="2024-08-12T16:51:18 IST" name="Default test" finished-at="2024-08-12T16:51:18 IST" duration-ms="94">
      <class name="expath.Ps01">
        <test-method signature="mul()[pri:0, instance:expath.Ps01@35d019a3]" started-at="2024-08-12T16:51:18 IST" name="mul" finished-at="2024-08-12T16:51:18 IST" duration-ms="21" status="PASS">
          <reporter-output>
          </reporter-output>
        </test-method> <!-- mul -->
      </class> <!-- expath.Ps01 -->
    </test> <!-- Default test -->
  </suite> <!-- Default suite -->
</testng-results>
